COMPLETED:
10_1h_32g_cookiecutter_1_sbfl_statement.sh
11_1h_32g_cookiecutter_1_sbfl_function.sh
12_1h_32g_cookiecutter_1_mbfl_statement.sh
13_1h_32g_cookiecutter_1_mbfl_function.sh
14_1h_32g_cookiecutter_1_ps_statement.sh
15_1h_32g_cookiecutter_1_ps_function.sh
16_1h_32g_cookiecutter_1_st_function.sh

20_1h_32g_spacy_4_sbfl_statement.sh
21_1h_32g_spacy_4_sbfl_function.sh
22_1h_32g_spacy_4_mbfl_statement.sh
23_1h_32g_spacy_4_mbfl_function.sh
24_1h_32g_spacy_4_ps_statement.sh
25_1h_32g_spacy_4_ps_function.sh
26_1h_32g_spacy_4_st_function.sh

100_1h_32g_tornado_3_sbfl_statement.sh
101_1h_32g_tornado_3_sbfl_function.sh
102_1h_32g_tornado_3_mbfl_statement.sh
103_1h_32g_tornado_3_mbfl_function.sh
104_1h_32g_tornado_3_ps_statement.sh
105_1h_32g_tornado_3_ps_function.sh
106_1h_32g_tornado_3_st_function.sh

110_1h_32g_tqdm_6_sbfl_statement.sh
111_1h_32g_tqdm_6_sbfl_function.sh
112_2h_32g_tqdm_6_mbfl_statement.sh
113_2h_32g_tqdm_6_mbfl_function.sh
114_1h_32g_tqdm_6_ps_statement.sh
115_1h_32g_tqdm_6_ps_function.sh
116_1h_32g_tqdm_6_st_function.sh

120_1h_32g_youtube-dl_13_sbfl_statement.sh
121_1h_32g_youtube-dl_13_sbfl_function.sh
122_5h_32g_youtube-dl_13_mbfl_statement.sh
123_5h_32g_youtube-dl_13_mbfl_function.sh
124_1h_32g_youtube-dl_13_ps_statement.sh

126_1h_32g_youtube-dl_13_st_function.sh


